<?xml version="1.0" encoding="UTF-8"?>
<!-- Generated by org.testng.reporters.JUnitXMLReporter -->
<testsuite hostname="SSRIVASTAVLT2" ignored="0" name="Default test(failed)" tests="1" failures="1" timestamp="29 Oct 2019 15:09:19 GMT" time="13.885" errors="0">
  <testcase name="runSikuli" time="13.797" classname="testNG.Sikuli_test">
    <failure type="org.sikuli.script.FindFailed" message="C:/Sid_Folder/Selenium/SikuliImages/username.jpg: (338x62) in S(0)[0,0 1920x1080] E:Y, T:3.0">
      <![CDATA[FindFailed: C:/Sid_Folder/Selenium/SikuliImages/username.jpg: (338x62) in S(0)[0,0 1920x1080] E:Y, T:3.0
  Line 2761, in file Region.java

at org.sikuli.script.Region.wait(Region.java:2761)
at org.sikuli.script.Region.find(Region.java:2326)
at org.sikuli.script.Region.getLocationFromTarget(Region.java:3220)
at org.sikuli.script.Region.click(Region.java:3718)
at org.sikuli.script.Region.click(Region.java:3703)
at testNG.Sikuli_test.runSikuli(Sikuli_test.java:29)
... Removed 25 stack frames]]>
    </failure>
  </testcase> <!-- runSikuli -->
</testsuite> <!-- Default test(failed) -->
