<?xml version="1.0" encoding="UTF-8"?>
<!-- Generated by org.testng.reporters.JUnitXMLReporter -->
<testsuite hostname="SSRIVASTAVLT2" name="Test" tests="4" failures="0" timestamp="21 Jan 2020 14:16:35 GMT" time="44.385" errors="0">
  <testcase name="f1" time="0.002" classname="testNG.TestAnnotations"/>
  <testcase name="f2" time="0.001" classname="testNG.TestAnnotations"/>
  <testcase name="openBrowser" time="14.899" classname="testNG.TestDependency"/>
  <testcase name="login" time="6.478" classname="testNG.TestDependency"/>
</testsuite> <!-- Test -->
