<?xml version="1.0" encoding="UTF-8"?>
<testng-results skipped="0" failed="0" total="4" passed="4">
  <reporter-output>
  </reporter-output>
  <suite name="Suite" duration-ms="44385" started-at="2020-01-21T14:15:51Z" finished-at="2020-01-21T14:16:35Z">
    <groups>
    </groups>
    <test name="Test" duration-ms="44385" started-at="2020-01-21T14:15:51Z" finished-at="2020-01-21T14:16:35Z">
      <class name="testNG.TestAnnotations">
        <test-method status="PASS" signature="bat()[pri:0, instance:testNG.TestAnnotations@3834d63f]" name="bat" is-config="true" duration-ms="22513" started-at="2020-01-21T09:15:51Z" finished-at="2020-01-21T09:16:13Z">
          <reporter-output>
          </reporter-output>
        </test-method> <!-- bat -->
        <test-method status="PASS" signature="bc()[pri:0, instance:testNG.TestAnnotations@3834d63f]" name="bc" is-config="true" duration-ms="3" started-at="2020-01-21T09:16:14Z" finished-at="2020-01-21T09:16:14Z">
          <reporter-output>
          </reporter-output>
        </test-method> <!-- bc -->
        <test-method status="PASS" signature="bm()[pri:0, instance:testNG.TestAnnotations@3834d63f]" name="bm" is-config="true" duration-ms="11" started-at="2020-01-21T09:16:14Z" finished-at="2020-01-21T09:16:14Z">
          <reporter-output>
          </reporter-output>
        </test-method> <!-- bm -->
        <test-method status="PASS" signature="f1()[pri:0, instance:testNG.TestAnnotations@3834d63f]" name="f1" duration-ms="2" started-at="2020-01-21T09:16:14Z" finished-at="2020-01-21T09:16:14Z">
          <reporter-output>
          </reporter-output>
        </test-method> <!-- f1 -->
        <test-method status="PASS" signature="am()[pri:0, instance:testNG.TestAnnotations@3834d63f]" name="am" is-config="true" duration-ms="2" started-at="2020-01-21T09:16:14Z" finished-at="2020-01-21T09:16:14Z">
          <reporter-output>
          </reporter-output>
        </test-method> <!-- am -->
        <test-method status="PASS" signature="bm()[pri:0, instance:testNG.TestAnnotations@3834d63f]" name="bm" is-config="true" duration-ms="2" started-at="2020-01-21T09:16:14Z" finished-at="2020-01-21T09:16:14Z">
          <reporter-output>
          </reporter-output>
        </test-method> <!-- bm -->
        <test-method status="PASS" signature="f2()[pri:0, instance:testNG.TestAnnotations@3834d63f]" name="f2" duration-ms="1" started-at="2020-01-21T09:16:14Z" finished-at="2020-01-21T09:16:14Z">
          <reporter-output>
          </reporter-output>
        </test-method> <!-- f2 -->
        <test-method status="PASS" signature="am()[pri:0, instance:testNG.TestAnnotations@3834d63f]" name="am" is-config="true" duration-ms="2" started-at="2020-01-21T09:16:14Z" finished-at="2020-01-21T09:16:14Z">
          <reporter-output>
          </reporter-output>
        </test-method> <!-- am -->
        <test-method status="PASS" signature="ac()[pri:0, instance:testNG.TestAnnotations@3834d63f]" name="ac" is-config="true" duration-ms="2" started-at="2020-01-21T09:16:14Z" finished-at="2020-01-21T09:16:14Z">
          <reporter-output>
          </reporter-output>
        </test-method> <!-- ac -->
        <test-method status="PASS" signature="aat()[pri:0, instance:testNG.TestAnnotations@3834d63f]" name="aat" is-config="true" duration-ms="0" started-at="2020-01-21T09:16:35Z" finished-at="2020-01-21T09:16:35Z">
          <reporter-output>
          </reporter-output>
        </test-method> <!-- aat -->
      </class> <!-- testNG.TestAnnotations -->
      <class name="testNG.TestDependency">
        <test-method status="PASS" signature="openBrowser()[pri:0, instance:testNG.TestDependency@725bef66]" name="openBrowser" duration-ms="14899" started-at="2020-01-21T09:16:14Z" finished-at="2020-01-21T09:16:29Z">
          <reporter-output>
          </reporter-output>
        </test-method> <!-- openBrowser -->
        <test-method status="PASS" signature="login()[pri:0, instance:testNG.TestDependency@725bef66]" name="login" duration-ms="6478" started-at="2020-01-21T09:16:29Z" depends-on-methods="testNG.TestDependency.openBrowser" finished-at="2020-01-21T09:16:35Z">
          <reporter-output>
          </reporter-output>
        </test-method> <!-- login -->
      </class> <!-- testNG.TestDependency -->
    </test> <!-- Test -->
  </suite> <!-- Suite -->
</testng-results>
